2021-11-20 13:54:13,436 getLogStream.py INFO getLogStream <module> 高建帅
2021-11-20 13:57:38,866 base_page.py INFO base_page __init__ 初始化driver<selenium.webdriver.chrome.webdriver.WebDriver (session="dd21e6f733ffabacb1e45d54a1c59d5c")>
2021-11-20 13:57:38,870 base_page.py INFO base_page open 访问网址
2021-11-20 13:57:48,978 base_page.py INFO base_page input_ 正在定位('name', 'userAccount')元素， 输入13152027756内容
2021-11-20 13:57:48,978 base_page.py INFO base_page locator 正在定位('name', 'userAccount')元素
2021-11-20 13:57:49,170 base_page.py INFO base_page click 正在点击('xpath', '//input[@class="hwid-input hwid-input-pwd"]')元素
2021-11-20 13:57:49,171 base_page.py INFO base_page locator 正在定位('xpath', '//input[@class="hwid-input hwid-input-pwd"]')元素
2021-11-20 13:57:49,270 base_page.py INFO base_page wait 等待时间6秒
2021-11-20 13:57:55,279 base_page.py INFO base_page click 正在点击('name', 'userAccount')元素
2021-11-20 13:57:55,279 base_page.py INFO base_page locator 正在定位('name', 'userAccount')元素
2021-11-20 13:57:55,346 base_page.py INFO base_page input_ 正在定位('xpath', '//input[@class="hwid-input hwid-input-pwd"]')元素， 输入gjs199074内容
2021-11-20 13:57:55,346 base_page.py INFO base_page locator 正在定位('xpath', '//input[@class="hwid-input hwid-input-pwd"]')元素
2021-11-20 13:57:55,430 base_page.py INFO base_page click 正在点击('xpath', '//div[@class="hwid-btn hwid-btn-primary"]')元素
2021-11-20 13:57:55,430 base_page.py INFO base_page locator 正在定位('xpath', '//div[@class="hwid-btn hwid-btn-primary"]')元素
2021-11-20 14:01:45,742 base_page.py INFO base_page __init__ 初始化driver<selenium.webdriver.chrome.webdriver.WebDriver (session="a507eb78265526a99651a75ccbbc8e4e")>
2021-11-20 14:01:45,746 base_page.py INFO base_page open 访问网址
2021-11-20 14:01:54,509 base_page.py INFO base_page input_ 正在定位('name', 'userAccount')元素， 输入13152027756内容
2021-11-20 14:01:54,509 base_page.py INFO base_page locator 正在定位('name', 'userAccount')元素
2021-11-20 14:01:54,679 base_page.py INFO base_page click 正在点击('xpath', '//input[@class="hwid-input hwid-input-pwd"]')元素
2021-11-20 14:01:54,679 base_page.py INFO base_page locator 正在定位('xpath', '//input[@class="hwid-input hwid-input-pwd"]')元素
2021-11-20 14:01:54,767 base_page.py INFO base_page wait 等待时间6秒
2021-11-20 14:02:00,782 base_page.py INFO base_page click 正在点击('name', 'userAccount')元素
2021-11-20 14:02:00,782 base_page.py INFO base_page locator 正在定位('name', 'userAccount')元素
2021-11-20 14:02:00,844 base_page.py INFO base_page input_ 正在定位('xpath', '//input[@class="hwid-input hwid-input-pwd"]')元素， 输入gjs199074内容
2021-11-20 14:02:00,844 base_page.py INFO base_page locator 正在定位('xpath', '//input[@class="hwid-input hwid-input-pwd"]')元素
2021-11-20 14:02:00,932 base_page.py INFO base_page click 正在点击('xpath', '//div[@class="hwid-btn hwid-btn-primary"]')元素
2021-11-20 14:02:00,932 base_page.py INFO base_page locator 正在定位('xpath', '//div[@class="hwid-btn hwid-btn-primary"]')元素
2021-11-20 14:25:46,957 base_page.py INFO base_page __init__ 初始化driver<selenium.webdriver.chrome.webdriver.WebDriver (session="8c10ce9ae6198ae1cb3eb9e47f416b14")>
2021-11-20 14:25:46,957 base_page.py INFO base_page open 访问网址
2021-11-20 14:25:56,484 base_page.py INFO base_page input_ 正在定位('name', 'userAccount')元素， 输入13152027756内容
2021-11-20 14:25:56,484 base_page.py INFO base_page locator 正在定位('name', 'userAccount')元素
2021-11-20 14:25:56,695 base_page.py INFO base_page click 正在点击('xpath', '//input[@class="hwid-input hwid-input-pwd"]')元素
2021-11-20 14:25:56,695 base_page.py INFO base_page locator 正在定位('xpath', '//input[@class="hwid-input hwid-input-pwd"]')元素
2021-11-20 14:25:56,792 base_page.py INFO base_page wait 等待时间6秒
2021-11-20 14:26:02,799 base_page.py INFO base_page click 正在点击('name', 'userAccount')元素
2021-11-20 14:26:02,799 base_page.py INFO base_page locator 正在定位('name', 'userAccount')元素
2021-11-20 14:26:02,861 base_page.py INFO base_page input_ 正在定位('xpath', '//input[@class="hwid-input hwid-input-pwd"]')元素， 输入gjs199074内容
2021-11-20 14:26:02,861 base_page.py INFO base_page locator 正在定位('xpath', '//input[@class="hwid-input hwid-input-pwd"]')元素
2021-11-20 14:26:02,961 base_page.py INFO base_page click 正在点击('xpath', '//div[@class="hwid-btn hwid-btn-primary"]')元素
2021-11-20 14:26:02,962 base_page.py INFO base_page locator 正在定位('xpath', '//div[@class="hwid-btn hwid-btn-primary"]')元素
2021-11-20 14:28:20,664 base_page.py INFO base_page __init__ 初始化driver<selenium.webdriver.chrome.webdriver.WebDriver (session="e4e94595cc9809a80c5b9ecab7edc7e3")>
2021-11-20 14:28:20,667 base_page.py INFO base_page open 访问网址
2021-11-20 14:28:29,346 base_page.py INFO base_page input_ 正在定位('name', 'userAccount')元素， 输入13152027756内容
2021-11-20 14:28:29,346 base_page.py INFO base_page locator 正在定位('name', 'userAccount')元素
2021-11-20 14:28:29,518 base_page.py INFO base_page click 正在点击('xpath', '//input[@class="hwid-input hwid-input-pwd"]')元素
2021-11-20 14:28:29,518 base_page.py INFO base_page locator 正在定位('xpath', '//input[@class="hwid-input hwid-input-pwd"]')元素
2021-11-20 14:28:29,899 base_page.py INFO base_page wait 等待时间6秒
2021-11-20 14:28:35,901 base_page.py INFO base_page click 正在点击('name', 'userAccount')元素
2021-11-20 14:28:35,901 base_page.py INFO base_page locator 正在定位('name', 'userAccount')元素
2021-11-20 14:28:35,968 base_page.py INFO base_page input_ 正在定位('xpath', '//input[@class="hwid-input hwid-input-pwd"]')元素， 输入gjs199074内容
2021-11-20 14:28:35,969 base_page.py INFO base_page locator 正在定位('xpath', '//input[@class="hwid-input hwid-input-pwd"]')元素
2021-11-20 14:28:36,064 base_page.py INFO base_page click 正在点击('xpath', '//div[@class="hwid-btn hwid-btn-primary"]')元素
2021-11-20 14:28:36,065 base_page.py INFO base_page locator 正在定位('xpath', '//div[@class="hwid-btn hwid-btn-primary"]')元素
2021-11-20 14:29:42,436 base_page.py INFO base_page __init__ 初始化driver<selenium.webdriver.chrome.webdriver.WebDriver (session="7dcb7fd1f2075365b25ee2ca24c8bbb7")>
2021-11-20 14:29:42,436 base_page.py INFO base_page open 访问网址
2021-11-20 14:29:51,890 base_page.py INFO base_page input_ 正在定位('name', 'userAccount')元素， 输入13152027756内容
2021-11-20 14:29:51,890 base_page.py INFO base_page locator 正在定位('name', 'userAccount')元素
2021-11-20 14:29:52,085 base_page.py INFO base_page click 正在点击('xpath', '//input[@class="hwid-input hwid-input-pwd"]')元素
2021-11-20 14:29:52,085 base_page.py INFO base_page locator 正在定位('xpath', '//input[@class="hwid-input hwid-input-pwd"]')元素
2021-11-20 14:29:52,172 base_page.py INFO base_page wait 等待时间6秒
2021-11-20 14:29:58,179 base_page.py INFO base_page click 正在点击('name', 'userAccount')元素
2021-11-20 14:29:58,179 base_page.py INFO base_page locator 正在定位('name', 'userAccount')元素
2021-11-20 14:29:58,268 base_page.py INFO base_page input_ 正在定位('xpath', '//input[@class="hwid-input hwid-input-pwd"]')元素， 输入gjs199074内容
2021-11-20 14:29:58,269 base_page.py INFO base_page locator 正在定位('xpath', '//input[@class="hwid-input hwid-input-pwd"]')元素
2021-11-20 14:29:58,392 base_page.py INFO base_page click 正在点击('xpath', '//div[@class="hwid-btn hwid-btn-primary"]')元素
2021-11-20 14:29:58,393 base_page.py INFO base_page locator 正在定位('xpath', '//div[@class="hwid-btn hwid-btn-primary"]')元素
2021-11-20 14:55:34,447 base_page.py INFO base_page __init__ 初始化driver<selenium.webdriver.chrome.webdriver.WebDriver (session="4dd390bddf15dd1e5fd2fb0fa04f84a3")>
2021-11-20 14:56:01,717 base_page.py INFO base_page __init__ 初始化driver<selenium.webdriver.chrome.webdriver.WebDriver (session="8c034cf288c65dbbf141168b66ea11d7")>
2021-11-20 14:56:01,720 base_page.py INFO base_page open 访问网址
2021-11-20 14:56:09,952 base_page.py INFO base_page input_ 正在定位('name', 'userAccount')元素， 输入13152027756内容
2021-11-20 14:56:09,952 base_page.py INFO base_page locator 正在定位('name', 'userAccount')元素
2021-11-20 14:56:10,120 base_page.py INFO base_page click 正在点击('xpath', '//input[@class="hwid-input hwid-input-pwd"]')元素
2021-11-20 14:56:10,120 base_page.py INFO base_page locator 正在定位('xpath', '//input[@class="hwid-input hwid-input-pwd"]')元素
2021-11-20 14:56:10,202 base_page.py INFO base_page wait 等待时间6秒
2021-11-20 14:56:16,205 base_page.py INFO base_page click 正在点击('name', 'userAccount')元素
2021-11-20 14:56:16,205 base_page.py INFO base_page locator 正在定位('name', 'userAccount')元素
2021-11-20 14:56:16,281 base_page.py INFO base_page input_ 正在定位('xpath', '//input[@class="hwid-input hwid-input-pwd"]')元素， 输入gjs199074内容
2021-11-20 14:56:16,281 base_page.py INFO base_page locator 正在定位('xpath', '//input[@class="hwid-input hwid-input-pwd"]')元素
2021-11-20 14:56:16,383 base_page.py INFO base_page click 正在点击('xpath', '//div[@class="hwid-btn hwid-btn-primary"]')元素
2021-11-20 14:56:16,383 base_page.py INFO base_page locator 正在定位('xpath', '//div[@class="hwid-btn hwid-btn-primary"]')元素
2021-11-20 15:03:37,497 base_page.py INFO base_page __init__ 初始化driver<selenium.webdriver.chrome.webdriver.WebDriver (session="1a525ae0c6e7de900bdf78a2cdba8fef")>
2021-11-20 15:03:37,499 base_page.py INFO base_page open 访问网址
2021-11-20 15:03:46,098 base_page.py INFO base_page input_ 正在定位('name', 'userAccount')元素， 输入13152027756内容
2021-11-20 15:03:46,098 base_page.py INFO base_page locator 正在定位('name', 'userAccount')元素
2021-11-20 15:03:46,273 base_page.py INFO base_page click 正在点击('xpath', '//input[@class="hwid-input hwid-input-pwd"]')元素
2021-11-20 15:03:46,274 base_page.py INFO base_page locator 正在定位('xpath', '//input[@class="hwid-input hwid-input-pwd"]')元素
2021-11-20 15:03:46,363 base_page.py INFO base_page wait 等待时间6秒
2021-11-20 15:03:52,367 base_page.py INFO base_page click 正在点击('name', 'userAccount')元素
2021-11-20 15:03:52,367 base_page.py INFO base_page locator 正在定位('name', 'userAccount')元素
2021-11-20 15:03:52,432 base_page.py INFO base_page input_ 正在定位('xpath', '//input[@class="hwid-input hwid-input-pwd"]')元素， 输入gjs199074内容
2021-11-20 15:03:52,434 base_page.py INFO base_page locator 正在定位('xpath', '//input[@class="hwid-input hwid-input-pwd"]')元素
2021-11-20 15:03:52,548 base_page.py INFO base_page click 正在点击('xpath', '//div[@class="hwid-btn hwid-btn-primary"]')元素
2021-11-20 15:03:52,548 base_page.py INFO base_page locator 正在定位('xpath', '//div[@class="hwid-btn hwid-btn-primary"]')元素
2021-11-20 15:15:28,532 base_page.py INFO base_page __init__ 初始化driver<selenium.webdriver.chrome.webdriver.WebDriver (session="d2d4b321c16b8ab4f6433304e0656739")>
2021-11-20 15:15:28,536 base_page.py INFO base_page open 访问网址
2021-11-20 15:15:36,798 base_page.py INFO base_page input_ 正在定位('name', 'userAccount')元素， 输入13152027756内容
2021-11-20 15:15:36,799 base_page.py INFO base_page locator 正在定位('name', 'userAccount')元素
2021-11-20 15:15:36,976 base_page.py INFO base_page click 正在点击('xpath', '//input[@class="hwid-input hwid-input-pwd"]')元素
2021-11-20 15:15:36,976 base_page.py INFO base_page locator 正在定位('xpath', '//input[@class="hwid-input hwid-input-pwd"]')元素
2021-11-20 15:15:37,056 base_page.py INFO base_page wait 等待时间6秒
2021-11-20 15:15:43,059 base_page.py INFO base_page click 正在点击('name', 'userAccount')元素
2021-11-20 15:15:43,060 base_page.py INFO base_page locator 正在定位('name', 'userAccount')元素
2021-11-20 15:15:43,121 base_page.py INFO base_page input_ 正在定位('xpath', '//input[@class="hwid-input hwid-input-pwd"]')元素， 输入gjs199074内容
2021-11-20 15:15:43,121 base_page.py INFO base_page locator 正在定位('xpath', '//input[@class="hwid-input hwid-input-pwd"]')元素
2021-11-20 15:15:43,231 base_page.py INFO base_page click 正在点击('xpath', '//div[@class="hwid-btn hwid-btn-primary"]')元素
2021-11-20 15:15:43,231 base_page.py INFO base_page locator 正在定位('xpath', '//div[@class="hwid-btn hwid-btn-primary"]')元素
2021-11-20 15:22:08,598 base_page.py INFO base_page __init__ 初始化driver<selenium.webdriver.chrome.webdriver.WebDriver (session="ddccb684a6cd02074af236192c95f182")>
2021-11-20 15:22:08,599 base_page.py INFO base_page open 访问网址
2021-11-20 15:22:17,452 base_page.py INFO base_page input_ 正在定位('name', 'userAccount')元素， 输入13152027756内容
2021-11-20 15:22:17,452 base_page.py INFO base_page locator 正在定位('name', 'userAccount')元素
2021-11-20 15:22:17,629 base_page.py INFO base_page click 正在点击('xpath', '//input[@class="hwid-input hwid-input-pwd"]')元素
2021-11-20 15:22:17,630 base_page.py INFO base_page locator 正在定位('xpath', '//input[@class="hwid-input hwid-input-pwd"]')元素
2021-11-20 15:22:17,715 base_page.py INFO base_page wait 等待时间6秒
2021-11-20 15:22:23,726 base_page.py INFO base_page click 正在点击('name', 'userAccount')元素
2021-11-20 15:22:23,726 base_page.py INFO base_page locator 正在定位('name', 'userAccount')元素
2021-11-20 15:22:23,795 base_page.py INFO base_page input_ 正在定位('xpath', '//input[@class="hwid-input hwid-input-pwd"]')元素， 输入gjs199074内容
2021-11-20 15:22:23,795 base_page.py INFO base_page locator 正在定位('xpath', '//input[@class="hwid-input hwid-input-pwd"]')元素
2021-11-20 15:22:23,913 base_page.py INFO base_page click 正在点击('xpath', '//div[@class="hwid-btn hwid-btn-primary"]')元素
2021-11-20 15:22:23,913 base_page.py INFO base_page locator 正在定位('xpath', '//div[@class="hwid-btn hwid-btn-primary"]')元素
2021-11-20 15:30:57,804 base_page.py INFO base_page __init__ 初始化driver<selenium.webdriver.chrome.webdriver.WebDriver (session="8205f532abc4eb6ff7747dae8115c440")>
2021-11-20 15:30:57,805 base_page.py INFO base_page open 访问网址
2021-11-20 15:31:08,206 base_page.py INFO base_page input_ 正在定位('name', 'userAccount')元素， 输入13152027756内容
2021-11-20 15:31:08,206 base_page.py INFO base_page locator 正在定位('name', 'userAccount')元素
2021-11-20 15:31:08,395 base_page.py INFO base_page click 正在点击('xpath', '//input[@class="hwid-input hwid-input-pwd"]')元素
2021-11-20 15:31:08,395 base_page.py INFO base_page locator 正在定位('xpath', '//input[@class="hwid-input hwid-input-pwd"]')元素
2021-11-20 15:31:08,485 base_page.py INFO base_page wait 等待时间6秒
2021-11-20 15:31:14,499 base_page.py INFO base_page click 正在点击('name', 'userAccount')元素
2021-11-20 15:31:14,499 base_page.py INFO base_page locator 正在定位('name', 'userAccount')元素
2021-11-20 15:31:14,565 base_page.py INFO base_page input_ 正在定位('xpath', '//input[@class="hwid-input hwid-input-pwd"]')元素， 输入gjs199074内容
2021-11-20 15:31:14,565 base_page.py INFO base_page locator 正在定位('xpath', '//input[@class="hwid-input hwid-input-pwd"]')元素
2021-11-20 15:31:14,654 base_page.py INFO base_page click 正在点击('xpath', '//div[@class="hwid-btn hwid-btn-primary"]')元素
2021-11-20 15:31:14,654 base_page.py INFO base_page locator 正在定位('xpath', '//div[@class="hwid-btn hwid-btn-primary"]')元素
2021-11-20 15:36:03,828 base_page.py INFO base_page __init__ 初始化driver<selenium.webdriver.chrome.webdriver.WebDriver (session="4b803f77a65862a78d72790d572a2725")>
2021-11-20 15:36:03,831 base_page.py INFO base_page open 访问网址
2021-11-20 15:36:12,248 base_page.py INFO base_page input_ 正在定位('name', 'userAccount')元素， 输入13152027756内容
2021-11-20 15:36:12,249 base_page.py INFO base_page locator 正在定位('name', 'userAccount')元素
2021-11-20 15:36:12,489 base_page.py INFO base_page click 正在点击('xpath', '//input[@class="hwid-input hwid-input-pwd"]')元素
2021-11-20 15:36:12,490 base_page.py INFO base_page locator 正在定位('xpath', '//input[@class="hwid-input hwid-input-pwd"]')元素
2021-11-20 15:36:12,585 base_page.py INFO base_page wait 等待时间6秒
2021-11-20 15:36:18,588 base_page.py INFO base_page click 正在点击('name', 'userAccount')元素
2021-11-20 15:36:18,588 base_page.py INFO base_page locator 正在定位('name', 'userAccount')元素
2021-11-20 15:36:18,650 base_page.py INFO base_page input_ 正在定位('xpath', '//input[@class="hwid-input hwid-input-pwd"]')元素， 输入gjs199074内容
2021-11-20 15:36:18,650 base_page.py INFO base_page locator 正在定位('xpath', '//input[@class="hwid-input hwid-input-pwd"]')元素
2021-11-20 15:36:18,742 base_page.py INFO base_page click 正在点击('xpath', '//div[@class="hwid-btn hwid-btn-primary"]')元素
2021-11-20 15:36:18,742 base_page.py INFO base_page locator 正在定位('xpath', '//div[@class="hwid-btn hwid-btn-primary"]')元素
2021-11-20 15:37:53,403 base_page.py INFO base_page __init__ 初始化driver<selenium.webdriver.chrome.webdriver.WebDriver (session="2e7fad3c31868741c2bca3a3711f3dbf")>
2021-11-20 15:37:53,408 base_page.py INFO base_page open 访问网址
2021-11-20 15:38:02,073 base_page.py INFO base_page input_ 正在定位('name', 'userAccount')元素， 输入13152027756内容
2021-11-20 15:38:02,073 base_page.py INFO base_page locator 正在定位('name', 'userAccount')元素
2021-11-20 15:38:02,271 base_page.py INFO base_page click 正在点击('xpath', '//input[@class="hwid-input hwid-input-pwd"]')元素
2021-11-20 15:38:02,271 base_page.py INFO base_page locator 正在定位('xpath', '//input[@class="hwid-input hwid-input-pwd"]')元素
2021-11-20 15:38:02,355 base_page.py INFO base_page wait 等待时间6秒
2021-11-20 15:38:08,364 base_page.py INFO base_page click 正在点击('name', 'userAccount')元素
2021-11-20 15:38:08,364 base_page.py INFO base_page locator 正在定位('name', 'userAccount')元素
2021-11-20 15:38:08,452 base_page.py INFO base_page input_ 正在定位('xpath', '//input[@class="hwid-input hwid-input-pwd"]')元素， 输入gjs199074内容
2021-11-20 15:38:08,453 base_page.py INFO base_page locator 正在定位('xpath', '//input[@class="hwid-input hwid-input-pwd"]')元素
2021-11-20 15:38:08,561 base_page.py INFO base_page click 正在点击('xpath', '//div[@class="hwid-btn hwid-btn-primary"]')元素
2021-11-20 15:38:08,561 base_page.py INFO base_page locator 正在定位('xpath', '//div[@class="hwid-btn hwid-btn-primary"]')元素
2021-11-20 15:39:24,233 base_page.py INFO base_page __init__ 初始化driver<selenium.webdriver.chrome.webdriver.WebDriver (session="f1b90012771b6028090f3a09ea2198b1")>
2021-11-20 15:39:24,233 base_page.py INFO base_page open 访问网址
2021-11-20 15:39:32,834 base_page.py INFO base_page input_ 正在定位('name', 'userAccount')元素， 输入13152027756内容
2021-11-20 15:39:32,834 base_page.py INFO base_page locator 正在定位('name', 'userAccount')元素
2021-11-20 15:39:32,989 base_page.py INFO base_page click 正在点击('xpath', '//input[@class="hwid-input hwid-input-pwd"]')元素
2021-11-20 15:39:32,990 base_page.py INFO base_page locator 正在定位('xpath', '//input[@class="hwid-input hwid-input-pwd"]')元素
2021-11-20 15:39:33,066 base_page.py INFO base_page wait 等待时间6秒
2021-11-20 15:39:39,079 base_page.py INFO base_page click 正在点击('name', 'userAccount')元素
2021-11-20 15:39:39,079 base_page.py INFO base_page locator 正在定位('name', 'userAccount')元素
2021-11-20 15:39:39,138 base_page.py INFO base_page input_ 正在定位('xpath', '//input[@class="hwid-input hwid-input-pwd"]')元素， 输入gjs199074内容
2021-11-20 15:39:39,138 base_page.py INFO base_page locator 正在定位('xpath', '//input[@class="hwid-input hwid-input-pwd"]')元素
2021-11-20 15:39:39,223 base_page.py INFO base_page click 正在点击('xpath', '//div[@class="hwid-btn hwid-btn-primary"]')元素
2021-11-20 15:39:39,224 base_page.py INFO base_page locator 正在定位('xpath', '//div[@class="hwid-btn hwid-btn-primary"]')元素
2021-11-20 15:40:26,825 base_page.py INFO base_page __init__ 初始化driver<selenium.webdriver.chrome.webdriver.WebDriver (session="aa972e0d773635bc0cd9b2c8fcdcb55c")>
2021-11-20 15:40:26,825 base_page.py INFO base_page open 访问网址
2021-11-20 15:40:35,846 base_page.py INFO base_page input_ 正在定位('name', 'userAccount')元素， 输入13152027756内容
2021-11-20 15:40:35,848 base_page.py INFO base_page locator 正在定位('name', 'userAccount')元素
2021-11-20 15:40:36,026 base_page.py INFO base_page click 正在点击('xpath', '//input[@class="hwid-input hwid-input-pwd"]')元素
2021-11-20 15:40:36,026 base_page.py INFO base_page locator 正在定位('xpath', '//input[@class="hwid-input hwid-input-pwd"]')元素
2021-11-20 15:40:36,107 base_page.py INFO base_page wait 等待时间6秒
2021-11-20 15:40:42,121 base_page.py INFO base_page click 正在点击('name', 'userAccount')元素
2021-11-20 15:40:42,121 base_page.py INFO base_page locator 正在定位('name', 'userAccount')元素
2021-11-20 15:40:42,182 base_page.py INFO base_page input_ 正在定位('xpath', '//input[@class="hwid-input hwid-input-pwd"]')元素， 输入gjs199074内容
2021-11-20 15:40:42,182 base_page.py INFO base_page locator 正在定位('xpath', '//input[@class="hwid-input hwid-input-pwd"]')元素
2021-11-20 15:40:42,272 base_page.py INFO base_page click 正在点击('xpath', '//div[@class="hwid-btn hwid-btn-primary"]')元素
2021-11-20 15:40:42,272 base_page.py INFO base_page locator 正在定位('xpath', '//div[@class="hwid-btn hwid-btn-primary"]')元素
2021-11-20 15:42:19,883 base_page.py INFO base_page __init__ 初始化driver<selenium.webdriver.chrome.webdriver.WebDriver (session="6dbba0525aa24178a3cbefff7bb31a64")>
2021-11-20 15:42:19,884 base_page.py INFO base_page open 访问网址
2021-11-20 15:42:30,222 base_page.py INFO base_page input_ 正在定位('name', 'userAccount')元素， 输入13152027756内容
2021-11-20 15:42:30,222 base_page.py INFO base_page locator 正在定位('name', 'userAccount')元素
2021-11-20 15:42:30,438 base_page.py INFO base_page click 正在点击('xpath', '//input[@class="hwid-input hwid-input-pwd"]')元素
2021-11-20 15:42:30,439 base_page.py INFO base_page locator 正在定位('xpath', '//input[@class="hwid-input hwid-input-pwd"]')元素
2021-11-20 15:42:30,571 base_page.py INFO base_page wait 等待时间6秒
2021-11-20 15:42:36,583 base_page.py INFO base_page click 正在点击('name', 'userAccount')元素
2021-11-20 15:42:36,583 base_page.py INFO base_page locator 正在定位('name', 'userAccount')元素
2021-11-20 15:42:36,643 base_page.py INFO base_page input_ 正在定位('xpath', '//input[@class="hwid-input hwid-input-pwd"]')元素， 输入gjs199074内容
2021-11-20 15:42:36,643 base_page.py INFO base_page locator 正在定位('xpath', '//input[@class="hwid-input hwid-input-pwd"]')元素
2021-11-20 15:42:36,743 base_page.py INFO base_page click 正在点击('xpath', '//div[@class="hwid-btn hwid-btn-primary"]')元素
2021-11-20 15:42:36,743 base_page.py INFO base_page locator 正在定位('xpath', '//div[@class="hwid-btn hwid-btn-primary"]')元素
2021-11-20 15:43:25,452 base_page.py INFO base_page __init__ 初始化driver<selenium.webdriver.chrome.webdriver.WebDriver (session="8e48d2fc0c3697bdfb5855a098a6539d")>
2021-11-20 15:43:25,453 base_page.py INFO base_page open 访问网址
2021-11-20 15:43:34,587 base_page.py INFO base_page input_ 正在定位('name', 'userAccount')元素， 输入13152027756内容
2021-11-20 15:43:34,587 base_page.py INFO base_page locator 正在定位('name', 'userAccount')元素
2021-11-20 15:43:34,806 base_page.py INFO base_page click 正在点击('xpath', '//input[@class="hwid-input hwid-input-pwd"]')元素
2021-11-20 15:43:34,807 base_page.py INFO base_page locator 正在定位('xpath', '//input[@class="hwid-input hwid-input-pwd"]')元素
2021-11-20 15:43:34,902 base_page.py INFO base_page wait 等待时间6秒
2021-11-20 15:43:40,910 base_page.py INFO base_page click 正在点击('name', 'userAccount')元素
2021-11-20 15:43:40,910 base_page.py INFO base_page locator 正在定位('name', 'userAccount')元素
2021-11-20 15:43:40,985 base_page.py INFO base_page input_ 正在定位('xpath', '//input[@class="hwid-input hwid-input-pwd"]')元素， 输入gjs199074内容
2021-11-20 15:43:40,986 base_page.py INFO base_page locator 正在定位('xpath', '//input[@class="hwid-input hwid-input-pwd"]')元素
2021-11-20 15:43:41,100 base_page.py INFO base_page click 正在点击('xpath', '//div[@class="hwid-btn hwid-btn-primary"]')元素
2021-11-20 15:43:41,100 base_page.py INFO base_page locator 正在定位('xpath', '//div[@class="hwid-btn hwid-btn-primary"]')元素
2021-11-20 15:45:09,952 base_page.py INFO base_page __init__ 初始化driver<selenium.webdriver.chrome.webdriver.WebDriver (session="ab2319687dbc46227ed4dd2932768dea")>
2021-11-20 15:45:09,955 base_page.py INFO base_page open 访问网址
2021-11-20 15:45:18,404 base_page.py INFO base_page input_ 正在定位('name', 'userAccount')元素， 输入13152027756内容
2021-11-20 15:45:18,404 base_page.py INFO base_page locator 正在定位('name', 'userAccount')元素
2021-11-20 15:45:18,574 base_page.py INFO base_page click 正在点击('xpath', '//input[@class="hwid-input hwid-input-pwd"]')元素
2021-11-20 15:45:18,574 base_page.py INFO base_page locator 正在定位('xpath', '//input[@class="hwid-input hwid-input-pwd"]')元素
2021-11-20 15:45:18,650 base_page.py INFO base_page wait 等待时间6秒
2021-11-20 15:45:24,665 base_page.py INFO base_page click 正在点击('name', 'userAccount')元素
2021-11-20 15:45:24,665 base_page.py INFO base_page locator 正在定位('name', 'userAccount')元素
2021-11-20 15:45:24,736 base_page.py INFO base_page input_ 正在定位('xpath', '//input[@class="hwid-input hwid-input-pwd"]')元素， 输入gjs199074内容
2021-11-20 15:45:24,737 base_page.py INFO base_page locator 正在定位('xpath', '//input[@class="hwid-input hwid-input-pwd"]')元素
2021-11-20 15:45:24,820 base_page.py INFO base_page click 正在点击('xpath', '//div[@class="hwid-btn hwid-btn-primary"]')元素
2021-11-20 15:45:24,820 base_page.py INFO base_page locator 正在定位('xpath', '//div[@class="hwid-btn hwid-btn-primary"]')元素
2021-11-20 15:45:49,235 base_page.py INFO base_page __init__ 初始化driver<selenium.webdriver.chrome.webdriver.WebDriver (session="92639739a6f4fda1339bcd5aec1656c7")>
2021-11-20 15:45:49,236 base_page.py INFO base_page open 访问网址
2021-11-20 15:45:58,341 base_page.py INFO base_page input_ 正在定位('name', 'userAccount')元素， 输入13152027756内容
2021-11-20 15:45:58,341 base_page.py INFO base_page locator 正在定位('name', 'userAccount')元素
2021-11-20 15:45:58,545 base_page.py INFO base_page click 正在点击('xpath', '//input[@class="hwid-input hwid-input-pwd"]')元素
2021-11-20 15:45:58,545 base_page.py INFO base_page locator 正在定位('xpath', '//input[@class="hwid-input hwid-input-pwd"]')元素
2021-11-20 15:45:58,658 base_page.py INFO base_page wait 等待时间6秒
2021-11-20 15:46:04,663 base_page.py INFO base_page click 正在点击('name', 'userAccount')元素
2021-11-20 15:46:04,663 base_page.py INFO base_page locator 正在定位('name', 'userAccount')元素
2021-11-20 15:46:04,732 base_page.py INFO base_page input_ 正在定位('xpath', '//input[@class="hwid-input hwid-input-pwd"]')元素， 输入gjs199074内容
2021-11-20 15:46:04,732 base_page.py INFO base_page locator 正在定位('xpath', '//input[@class="hwid-input hwid-input-pwd"]')元素
2021-11-20 15:46:04,839 base_page.py INFO base_page click 正在点击('xpath', '//div[@class="hwid-btn hwid-btn-primary"]')元素
2021-11-20 15:46:04,839 base_page.py INFO base_page locator 正在定位('xpath', '//div[@class="hwid-btn hwid-btn-primary"]')元素
2021-11-20 16:00:21,429 base_page.py INFO base_page __init__ 初始化driver<selenium.webdriver.chrome.webdriver.WebDriver (session="750b2026ad88c8bad4374ef43ea0a15a")>
2021-11-20 16:00:21,430 base_page.py INFO base_page open 访问网址
2021-11-20 16:00:30,047 base_page.py INFO base_page input_ 正在定位('name', 'userAccount')元素， 输入13152027756内容
2021-11-20 16:00:30,047 base_page.py INFO base_page locator 正在定位('name', 'userAccount')元素
2021-11-20 16:00:30,257 base_page.py INFO base_page click 正在点击('xpath', '//input[@class="hwid-input hwid-input-pwd"]')元素
2021-11-20 16:00:30,258 base_page.py INFO base_page locator 正在定位('xpath', '//input[@class="hwid-input hwid-input-pwd"]')元素
2021-11-20 16:00:30,372 base_page.py INFO base_page wait 等待时间6秒
2021-11-20 16:00:36,377 base_page.py INFO base_page click 正在点击('name', 'userAccount')元素
2021-11-20 16:00:36,377 base_page.py INFO base_page locator 正在定位('name', 'userAccount')元素
2021-11-20 16:00:36,463 base_page.py INFO base_page input_ 正在定位('xpath', '//input[@class="hwid-input hwid-input-pwd"]')元素， 输入gjs199074内容
2021-11-20 16:00:36,464 base_page.py INFO base_page locator 正在定位('xpath', '//input[@class="hwid-input hwid-input-pwd"]')元素
2021-11-20 16:00:36,570 base_page.py INFO base_page click 正在点击('xpath', '//div[@class="hwid-btn hwid-btn-primary"]')元素
2021-11-20 16:00:36,570 base_page.py INFO base_page locator 正在定位('xpath', '//div[@class="hwid-btn hwid-btn-primary"]')元素
2021-11-20 16:07:15,472 base_page.py INFO base_page __init__ 初始化driver<selenium.webdriver.chrome.webdriver.WebDriver (session="2bbc5a75b22b769121f80daccb99e5be")>
2021-11-20 16:07:15,474 base_page.py INFO base_page open 访问网址
2021-11-20 16:07:29,524 base_page.py INFO base_page input_ 正在定位('name', 'userAccount')元素， 输入13152027756内容
2021-11-20 16:07:29,524 base_page.py INFO base_page locator 正在定位('name', 'userAccount')元素
2021-11-20 16:07:29,680 base_page.py INFO base_page click 正在点击('xpath', '//input[@class="hwid-input hwid-input-pwd"]')元素
2021-11-20 16:07:29,680 base_page.py INFO base_page locator 正在定位('xpath', '//input[@class="hwid-input hwid-input-pwd"]')元素
2021-11-20 16:07:29,763 base_page.py INFO base_page wait 等待时间6秒
2021-11-20 16:07:35,776 base_page.py INFO base_page click 正在点击('name', 'userAccount')元素
2021-11-20 16:07:35,777 base_page.py INFO base_page locator 正在定位('name', 'userAccount')元素
2021-11-20 16:07:35,847 base_page.py INFO base_page input_ 正在定位('xpath', '//input[@class="hwid-input hwid-input-pwd"]')元素， 输入gjs199074内容
2021-11-20 16:07:35,848 base_page.py INFO base_page locator 正在定位('xpath', '//input[@class="hwid-input hwid-input-pwd"]')元素
2021-11-20 16:07:35,946 base_page.py INFO base_page click 正在点击('xpath', '//div[@class="hwid-btn hwid-btn-primary"]')元素
2021-11-20 16:07:35,946 base_page.py INFO base_page locator 正在定位('xpath', '//div[@class="hwid-btn hwid-btn-primary"]')元素
2021-11-20 16:10:05,138 base_page.py INFO base_page __init__ 初始化driver<selenium.webdriver.chrome.webdriver.WebDriver (session="b0da834423e72a35a88e01cd22edfe28")>
2021-11-20 16:10:05,139 base_page.py INFO base_page open 访问网址
2021-11-20 16:10:13,729 base_page.py INFO base_page input_ 正在定位('name', 'userAccount')元素， 输入13152027756内容
2021-11-20 16:10:13,729 base_page.py INFO base_page locator 正在定位('name', 'userAccount')元素
2021-11-20 16:10:13,905 base_page.py INFO base_page click 正在点击('xpath', '//input[@class="hwid-input hwid-input-pwd"]')元素
2021-11-20 16:10:13,906 base_page.py INFO base_page locator 正在定位('xpath', '//input[@class="hwid-input hwid-input-pwd"]')元素
2021-11-20 16:10:13,987 base_page.py INFO base_page wait 等待时间6秒
2021-11-20 16:10:19,999 base_page.py INFO base_page click 正在点击('name', 'userAccount')元素
2021-11-20 16:10:19,999 base_page.py INFO base_page locator 正在定位('name', 'userAccount')元素
2021-11-20 16:10:20,065 base_page.py INFO base_page input_ 正在定位('xpath', '//input[@class="hwid-input hwid-input-pwd"]')元素， 输入gjs199074内容
2021-11-20 16:10:20,065 base_page.py INFO base_page locator 正在定位('xpath', '//input[@class="hwid-input hwid-input-pwd"]')元素
2021-11-20 16:10:20,152 base_page.py INFO base_page click 正在点击('xpath', '//div[@class="hwid-btn hwid-btn-primary"]')元素
2021-11-20 16:10:20,152 base_page.py INFO base_page locator 正在定位('xpath', '//div[@class="hwid-btn hwid-btn-primary"]')元素
2021-11-20 16:10:29,528 base_page.py INFO base_page __init__ 初始化driver<selenium.webdriver.chrome.webdriver.WebDriver (session="8a6aa74fc4b7136016f5374848de631e")>
2021-11-20 16:10:29,529 base_page.py INFO base_page open 访问网址
2021-11-20 16:10:39,683 base_page.py INFO base_page input_ 正在定位('name', 'userAccount')元素， 输入13152027756内容
2021-11-20 16:10:39,683 base_page.py INFO base_page locator 正在定位('name', 'userAccount')元素
2021-11-20 16:10:39,845 base_page.py INFO base_page click 正在点击('xpath', '//input[@class="hwid-input hwid-input-pwd"]')元素
2021-11-20 16:10:39,845 base_page.py INFO base_page locator 正在定位('xpath', '//input[@class="hwid-input hwid-input-pwd"]')元素
2021-11-20 16:10:39,925 base_page.py INFO base_page wait 等待时间6秒
2021-11-20 16:10:45,936 base_page.py INFO base_page click 正在点击('name', 'userAccount')元素
2021-11-20 16:10:45,936 base_page.py INFO base_page locator 正在定位('name', 'userAccount')元素
2021-11-20 16:10:46,007 base_page.py INFO base_page input_ 正在定位('xpath', '//input[@class="hwid-input hwid-input-pwd"]')元素， 输入gjs199074内容
2021-11-20 16:10:46,008 base_page.py INFO base_page locator 正在定位('xpath', '//input[@class="hwid-input hwid-input-pwd"]')元素
2021-11-20 16:10:46,098 base_page.py INFO base_page click 正在点击('xpath', '//div[@class="hwid-btn hwid-btn-primary"]')元素
2021-11-20 16:10:46,098 base_page.py INFO base_page locator 正在定位('xpath', '//div[@class="hwid-btn hwid-btn-primary"]')元素
2021-11-20 16:13:01,449 base_page.py INFO base_page __init__ 初始化driver<selenium.webdriver.chrome.webdriver.WebDriver (session="3fd1e5939305c8f500001c20b4095839")>
2021-11-20 16:13:01,452 base_page.py INFO base_page open 访问网址
2021-11-20 16:13:09,696 base_page.py INFO base_page input_ 正在定位('name', 'userAccount')元素， 输入13152027756内容
2021-11-20 16:13:09,697 base_page.py INFO base_page locator 正在定位('name', 'userAccount')元素
2021-11-20 16:13:10,026 base_page.py INFO base_page click 正在点击('xpath', '//input[@class="hwid-input hwid-input-pwd"]')元素
2021-11-20 16:13:10,026 base_page.py INFO base_page locator 正在定位('xpath', '//input[@class="hwid-input hwid-input-pwd"]')元素
2021-11-20 16:13:10,126 base_page.py INFO base_page wait 等待时间6秒
2021-11-20 16:13:16,132 base_page.py INFO base_page click 正在点击('name', 'userAccount')元素
2021-11-20 16:13:16,132 base_page.py INFO base_page locator 正在定位('name', 'userAccount')元素
2021-11-20 16:13:16,202 base_page.py INFO base_page input_ 正在定位('xpath', '//input[@class="hwid-input hwid-input-pwd"]')元素， 输入gjs199074内容
2021-11-20 16:13:16,203 base_page.py INFO base_page locator 正在定位('xpath', '//input[@class="hwid-input hwid-input-pwd"]')元素
2021-11-20 16:13:16,303 base_page.py INFO base_page click 正在点击('xpath', '//div[@class="hwid-btn hwid-btn-primary"]')元素
2021-11-20 16:13:16,303 base_page.py INFO base_page locator 正在定位('xpath', '//div[@class="hwid-btn hwid-btn-primary"]')元素
2021-11-20 16:14:14,586 base_page.py INFO base_page __init__ 初始化driver<selenium.webdriver.chrome.webdriver.WebDriver (session="3369f7a4200480170c6c5bafde7af2c5")>
2021-11-20 16:14:14,587 base_page.py INFO base_page open 访问网址
2021-11-20 16:14:23,439 base_page.py INFO base_page input_ 正在定位('name', 'userAccount')元素， 输入13152027756内容
2021-11-20 16:14:23,439 base_page.py INFO base_page locator 正在定位('name', 'userAccount')元素
2021-11-20 16:14:23,611 base_page.py INFO base_page click 正在点击('xpath', '//input[@class="hwid-input hwid-input-pwd"]')元素
2021-11-20 16:14:23,612 base_page.py INFO base_page locator 正在定位('xpath', '//input[@class="hwid-input hwid-input-pwd"]')元素
2021-11-20 16:14:23,698 base_page.py INFO base_page wait 等待时间6秒
2021-11-20 16:14:29,705 base_page.py INFO base_page click 正在点击('name', 'userAccount')元素
2021-11-20 16:14:29,705 base_page.py INFO base_page locator 正在定位('name', 'userAccount')元素
2021-11-20 16:14:29,774 base_page.py INFO base_page input_ 正在定位('xpath', '//input[@class="hwid-input hwid-input-pwd"]')元素， 输入gjs199074内容
2021-11-20 16:14:29,775 base_page.py INFO base_page locator 正在定位('xpath', '//input[@class="hwid-input hwid-input-pwd"]')元素
2021-11-20 16:14:29,874 base_page.py INFO base_page click 正在点击('xpath', '//div[@class="hwid-btn hwid-btn-primary"]')元素
2021-11-20 16:14:29,875 base_page.py INFO base_page locator 正在定位('xpath', '//div[@class="hwid-btn hwid-btn-primary"]')元素
2021-11-20 16:16:04,984 base_page.py INFO base_page __init__ 初始化driver<selenium.webdriver.chrome.webdriver.WebDriver (session="075a3754d1599875073b0f9c696e3dbd")>
2021-11-20 16:16:04,987 base_page.py INFO base_page open 访问网址
2021-11-20 16:16:14,822 base_page.py INFO base_page input_ 正在定位('name', 'userAccount')元素， 输入13152027756内容
2021-11-20 16:16:14,823 base_page.py INFO base_page locator 正在定位('name', 'userAccount')元素
2021-11-20 16:16:15,033 base_page.py INFO base_page click 正在点击('xpath', '//input[@class="hwid-input hwid-input-pwd"]')元素
2021-11-20 16:16:15,033 base_page.py INFO base_page locator 正在定位('xpath', '//input[@class="hwid-input hwid-input-pwd"]')元素
2021-11-20 16:16:15,127 base_page.py INFO base_page wait 等待时间6秒
2021-11-20 16:16:21,129 base_page.py INFO base_page click 正在点击('name', 'userAccount')元素
2021-11-20 16:16:21,129 base_page.py INFO base_page locator 正在定位('name', 'userAccount')元素
2021-11-20 16:16:21,198 base_page.py INFO base_page input_ 正在定位('xpath', '//input[@class="hwid-input hwid-input-pwd"]')元素， 输入gjs199074内容
2021-11-20 16:16:21,198 base_page.py INFO base_page locator 正在定位('xpath', '//input[@class="hwid-input hwid-input-pwd"]')元素
2021-11-20 16:16:21,320 base_page.py INFO base_page click 正在点击('xpath', '//div[@class="hwid-btn hwid-btn-primary"]')元素
2021-11-20 16:16:21,320 base_page.py INFO base_page locator 正在定位('xpath', '//div[@class="hwid-btn hwid-btn-primary"]')元素
2021-11-20 16:19:23,570 base_page.py INFO base_page __init__ 初始化driver<selenium.webdriver.chrome.webdriver.WebDriver (session="9e47074d895de25de2405967e7fab4ff")>
2021-11-20 16:19:23,570 base_page.py INFO base_page open 访问网址
2021-11-20 16:19:32,521 base_page.py INFO base_page input_ 正在定位('name', 'userAccount')元素， 输入13152027756内容
2021-11-20 16:19:32,521 base_page.py INFO base_page locator 正在定位('name', 'userAccount')元素
2021-11-20 16:19:32,695 base_page.py INFO base_page click 正在点击('xpath', '//input[@class="hwid-input hwid-input-pwd"]')元素
2021-11-20 16:19:32,696 base_page.py INFO base_page locator 正在定位('xpath', '//input[@class="hwid-input hwid-input-pwd"]')元素
2021-11-20 16:19:32,786 base_page.py INFO base_page wait 等待时间6秒
2021-11-20 16:19:38,789 base_page.py INFO base_page click 正在点击('name', 'userAccount')元素
2021-11-20 16:19:38,789 base_page.py INFO base_page locator 正在定位('name', 'userAccount')元素
2021-11-20 16:19:38,858 base_page.py INFO base_page input_ 正在定位('xpath', '//input[@class="hwid-input hwid-input-pwd"]')元素， 输入gjs199074内容
2021-11-20 16:19:38,859 base_page.py INFO base_page locator 正在定位('xpath', '//input[@class="hwid-input hwid-input-pwd"]')元素
2021-11-20 16:19:38,980 base_page.py INFO base_page click 正在点击('xpath', '//div[@class="hwid-btn hwid-btn-primary"]')元素
2021-11-20 16:19:38,980 base_page.py INFO base_page locator 正在定位('xpath', '//div[@class="hwid-btn hwid-btn-primary"]')元素
2021-11-20 16:20:52,676 base_page.py INFO base_page __init__ 初始化driver<selenium.webdriver.chrome.webdriver.WebDriver (session="28403ba75244c651beab2e5de0f53d74")>
2021-11-20 16:20:52,677 base_page.py INFO base_page open 访问网址
2021-11-20 16:21:02,268 base_page.py INFO base_page input_ 正在定位('name', 'userAccount')元素， 输入13152027756内容
2021-11-20 16:21:02,268 base_page.py INFO base_page locator 正在定位('name', 'userAccount')元素
2021-11-20 16:21:02,436 base_page.py INFO base_page click 正在点击('xpath', '//input[@class="hwid-input hwid-input-pwd"]')元素
2021-11-20 16:21:02,437 base_page.py INFO base_page locator 正在定位('xpath', '//input[@class="hwid-input hwid-input-pwd"]')元素
2021-11-20 16:21:02,532 base_page.py INFO base_page wait 等待时间6秒
2021-11-20 16:21:08,543 base_page.py INFO base_page click 正在点击('name', 'userAccount')元素
2021-11-20 16:21:08,544 base_page.py INFO base_page locator 正在定位('name', 'userAccount')元素
2021-11-20 16:21:08,607 base_page.py INFO base_page input_ 正在定位('xpath', '//input[@class="hwid-input hwid-input-pwd"]')元素， 输入gjs199074内容
2021-11-20 16:21:08,607 base_page.py INFO base_page locator 正在定位('xpath', '//input[@class="hwid-input hwid-input-pwd"]')元素
2021-11-20 16:21:08,709 base_page.py INFO base_page click 正在点击('xpath', '//div[@class="hwid-btn hwid-btn-primary"]')元素
2021-11-20 16:21:08,709 base_page.py INFO base_page locator 正在定位('xpath', '//div[@class="hwid-btn hwid-btn-primary"]')元素
2021-11-20 16:23:45,904 base_page.py INFO base_page __init__ 初始化driver<selenium.webdriver.chrome.webdriver.WebDriver (session="fd01d770b4d9c9efb7243ed88c2c072c")>
2021-11-20 16:23:45,905 base_page.py INFO base_page open 访问网址
2021-11-20 16:23:56,276 base_page.py INFO base_page input_ 正在定位('name', 'userAccount')元素， 输入13152027756内容
2021-11-20 16:23:56,276 base_page.py INFO base_page locator 正在定位('name', 'userAccount')元素
2021-11-20 16:23:56,456 base_page.py INFO base_page click 正在点击('xpath', '//input[@class="hwid-input hwid-input-pwd"]')元素
2021-11-20 16:23:56,457 base_page.py INFO base_page locator 正在定位('xpath', '//input[@class="hwid-input hwid-input-pwd"]')元素
2021-11-20 16:23:56,539 base_page.py INFO base_page wait 等待时间6秒
2021-11-20 16:24:02,546 base_page.py INFO base_page click 正在点击('name', 'userAccount')元素
2021-11-20 16:24:02,546 base_page.py INFO base_page locator 正在定位('name', 'userAccount')元素
2021-11-20 16:24:02,633 base_page.py INFO base_page input_ 正在定位('xpath', '//input[@class="hwid-input hwid-input-pwd"]')元素， 输入gjs199074内容
2021-11-20 16:24:02,634 base_page.py INFO base_page locator 正在定位('xpath', '//input[@class="hwid-input hwid-input-pwd"]')元素
2021-11-20 16:24:02,738 base_page.py INFO base_page click 正在点击('xpath', '//div[@class="hwid-btn hwid-btn-primary"]')元素
2021-11-20 16:24:02,738 base_page.py INFO base_page locator 正在定位('xpath', '//div[@class="hwid-btn hwid-btn-primary"]')元素
2021-11-20 16:35:33,984 base_page.py INFO base_page __init__ 初始化driver<selenium.webdriver.chrome.webdriver.WebDriver (session="1d7e54c6ad88723e80a018dce438e51e")>
2021-11-20 16:35:33,985 base_page.py INFO base_page open 访问网址
2021-11-20 16:35:42,488 base_page.py INFO base_page input_ 正在定位('name', 'userrAccount')元素， 输入13152027756内容
2021-11-20 16:35:42,488 base_page.py INFO base_page locator 正在定位('name', 'userrAccount')元素
2021-11-20 16:37:04,185 base_page.py INFO base_page __init__ 初始化driver<selenium.webdriver.chrome.webdriver.WebDriver (session="5db2718219248b0964f519beca663abc")>
2021-11-20 16:37:20,698 base_page.py INFO base_page __init__ 初始化driver<selenium.webdriver.chrome.webdriver.WebDriver (session="844ccd72d2132cdde8ba4ff3f3360bbf")>
2021-11-20 16:37:20,698 base_page.py INFO base_page open 访问网址
2021-11-20 16:37:29,610 base_page.py INFO base_page input_ 正在定位('name', 'userrAccount')元素， 输入13152027756内容
2021-11-20 16:37:29,610 base_page.py INFO base_page locator 正在定位('name', 'userrAccount')元素
2021-11-20 16:37:34,680 base_page.py INFO base_page __init__ 初始化driver<selenium.webdriver.chrome.webdriver.WebDriver (session="3dc7a45af541fad2a03fe5bc60e77d39")>
2021-11-20 16:37:34,683 base_page.py INFO base_page open 访问网址
2021-11-20 16:37:47,381 base_page.py INFO base_page input_ 正在定位('name', 'userrAccount')元素， 输入13152027756内容
2021-11-20 16:37:47,381 base_page.py INFO base_page locator 正在定位('name', 'userrAccount')元素
2021-11-20 16:46:25,360 base_page.py INFO base_page __init__ 初始化driver<selenium.webdriver.chrome.webdriver.WebDriver (session="28cb38a1b6a73e070709f32b5f0442bc")>
2021-11-20 16:46:25,361 base_page.py INFO base_page open 访问网址
2021-11-20 16:46:35,017 base_page.py INFO base_page input_ 正在定位('name', 'userrAccount')元素， 输入13152027756内容
2021-11-20 16:46:35,017 base_page.py INFO base_page locator 正在定位('name', 'userrAccount')元素
2021-11-20 16:46:40,309 base_page.py INFO base_page __init__ 初始化driver<selenium.webdriver.chrome.webdriver.WebDriver (session="16c3ea57d0233f5954b5105550164378")>
2021-11-20 16:46:40,313 base_page.py INFO base_page open 访问网址
2021-11-20 16:46:49,714 base_page.py INFO base_page input_ 正在定位('name', 'userrAccount')元素， 输入13152027756内容
2021-11-20 16:46:49,714 base_page.py INFO base_page locator 正在定位('name', 'userrAccount')元素
2021-11-20 16:51:46,701 base_page.py INFO base_page __init__ 初始化driver<selenium.webdriver.chrome.webdriver.WebDriver (session="3f7ef2fb7c95a4847a211157bc12c35c")>
2021-11-20 16:51:46,702 base_page.py INFO base_page open 访问网址
2021-11-20 16:51:56,402 base_page.py INFO base_page input_ 正在定位('name', 'userrAccount')元素， 输入13152027756内容
2021-11-20 16:51:56,402 base_page.py INFO base_page locator 正在定位('name', 'userrAccount')元素
2021-11-20 16:52:01,914 base_page.py INFO base_page __init__ 初始化driver<selenium.webdriver.chrome.webdriver.WebDriver (session="bb3aa162bfbe670e65bac6d843117b3f")>
2021-11-20 16:52:01,916 base_page.py INFO base_page open 访问网址
2021-11-20 16:52:11,204 base_page.py INFO base_page input_ 正在定位('name', 'userrAccount')元素， 输入13152027756内容
2021-11-20 16:52:11,204 base_page.py INFO base_page locator 正在定位('name', 'userrAccount')元素
2021-11-20 17:08:24,199 base_page.py INFO base_page __init__ 初始化driver<selenium.webdriver.chrome.webdriver.WebDriver (session="174ed6498fede61d03f81fcb219981e6")>
2021-11-20 17:08:24,200 base_page.py INFO base_page open 访问网址
2021-11-20 17:08:34,022 base_page.py INFO base_page input_ 正在定位('name', 'userAccount')元素， 输入13152027756内容
2021-11-20 17:08:34,023 base_page.py INFO base_page locator 正在定位('name', 'userAccount')元素
2021-11-20 17:08:34,236 base_page.py INFO base_page click 正在点击('xpath', '//input[@class="hwid-input hwid-input-pwd"]')元素
2021-11-20 17:08:34,237 base_page.py INFO base_page locator 正在定位('xpath', '//input[@class="hwid-input hwid-input-pwd"]')元素
2021-11-20 17:08:34,326 base_page.py INFO base_page wait 等待时间6秒
2021-11-20 17:08:40,334 base_page.py INFO base_page click 正在点击('name', 'userAccount')元素
2021-11-20 17:08:40,334 base_page.py INFO base_page locator 正在定位('name', 'userAccount')元素
2021-11-20 17:08:40,405 base_page.py INFO base_page input_ 正在定位('xpath', '//input[@class="hwid-input hwid-input-pwd"]')元素， 输入gjs199074内容
2021-11-20 17:08:40,406 base_page.py INFO base_page locator 正在定位('xpath', '//input[@class="hwid-input hwid-input-pwd"]')元素
2021-11-20 17:08:40,521 base_page.py INFO base_page click 正在点击('xpath', '//div[@class="hwid-btn hwid-btn-primary"]')元素
2021-11-20 17:08:40,521 base_page.py INFO base_page locator 正在定位('xpath', '//div[@class="hwid-btn hwid-btn-primary"]')元素
2021-11-20 17:08:49,944 base_page.py INFO base_page __init__ 初始化driver<selenium.webdriver.chrome.webdriver.WebDriver (session="7485b7e846b915a10b12c4ca3d70dcce")>
2021-11-20 17:08:49,946 base_page.py INFO base_page open 访问网址
2021-11-20 17:09:01,285 base_page.py INFO base_page input_ 正在定位('name', 'userAccount')元素， 输入13152027756内容
2021-11-20 17:09:01,285 base_page.py INFO base_page locator 正在定位('name', 'userAccount')元素
2021-11-20 17:09:01,461 base_page.py INFO base_page click 正在点击('xpath', '//input[@class="hwid-input hwid-input-pwd"]')元素
2021-11-20 17:09:01,461 base_page.py INFO base_page locator 正在定位('xpath', '//input[@class="hwid-input hwid-input-pwd"]')元素
2021-11-20 17:09:01,546 base_page.py INFO base_page wait 等待时间6秒
2021-11-20 17:09:07,552 base_page.py INFO base_page click 正在点击('name', 'userAccount')元素
2021-11-20 17:09:07,553 base_page.py INFO base_page locator 正在定位('name', 'userAccount')元素
2021-11-20 17:09:07,616 base_page.py INFO base_page input_ 正在定位('xpath', '//input[@class="hwid-input hwid-input-pwd"]')元素， 输入gjs199074内容
2021-11-20 17:09:07,617 base_page.py INFO base_page locator 正在定位('xpath', '//input[@class="hwid-input hwid-input-pwd"]')元素
2021-11-20 17:09:07,702 base_page.py INFO base_page click 正在点击('xpath', '//div[@class="hwid-btn hwid-btn-primary"]')元素
2021-11-20 17:09:07,702 base_page.py INFO base_page locator 正在定位('xpath', '//div[@class="hwid-btn hwid-btn-primary"]')元素
2021-11-20 17:12:48,847 base_page.py INFO base_page __init__ 初始化driver<selenium.webdriver.chrome.webdriver.WebDriver (session="40e3b3c9e0096fa9fd20cae4b5150629")>
2021-11-20 17:12:48,848 base_page.py INFO base_page open 访问网址
2021-11-20 17:12:58,268 base_page.py INFO base_page input_ 正在定位('name', 'userAccount')元素， 输入13152027756内容
2021-11-20 17:12:58,268 base_page.py INFO base_page locator 正在定位('name', 'userAccount')元素
2021-11-20 17:12:58,469 base_page.py INFO base_page click 正在点击('xpath', '//input[@class="hwid-input hwid-input-pwd"]')元素
2021-11-20 17:12:58,470 base_page.py INFO base_page locator 正在定位('xpath', '//input[@class="hwid-input hwid-input-pwd"]')元素
2021-11-20 17:12:58,557 base_page.py INFO base_page wait 等待时间6秒
2021-11-20 17:13:04,566 base_page.py INFO base_page click 正在点击('name', 'userAccount')元素
2021-11-20 17:13:04,566 base_page.py INFO base_page locator 正在定位('name', 'userAccount')元素
2021-11-20 17:13:04,652 base_page.py INFO base_page input_ 正在定位('xpath', '//input[@class="hwid-input hwid-input-pwd"]')元素， 输入gjs199074内容
2021-11-20 17:13:04,653 base_page.py INFO base_page locator 正在定位('xpath', '//input[@class="hwid-input hwid-input-pwd"]')元素
2021-11-20 17:13:04,757 base_page.py INFO base_page click 正在点击('xpath', '//div[@class="hwid-btn hwid-btn-primary"]')元素
2021-11-20 17:13:04,757 base_page.py INFO base_page locator 正在定位('xpath', '//div[@class="hwid-btn hwid-btn-primary"]')元素
2021-11-20 17:13:14,171 base_page.py INFO base_page __init__ 初始化driver<selenium.webdriver.chrome.webdriver.WebDriver (session="e7dd06b21adc45393aa089941b486fbe")>
2021-11-20 17:13:14,173 base_page.py INFO base_page open 访问网址
2021-11-20 17:13:25,017 base_page.py INFO base_page input_ 正在定位('name', 'userAccount')元素， 输入13152027756内容
2021-11-20 17:13:25,017 base_page.py INFO base_page locator 正在定位('name', 'userAccount')元素
2021-11-20 17:13:25,194 base_page.py INFO base_page click 正在点击('xpath', '//input[@class="hwid-input hwid-input-pwd"]')元素
2021-11-20 17:13:25,195 base_page.py INFO base_page locator 正在定位('xpath', '//input[@class="hwid-input hwid-input-pwd"]')元素
2021-11-20 17:13:25,280 base_page.py INFO base_page wait 等待时间6秒
2021-11-20 17:13:31,288 base_page.py INFO base_page click 正在点击('name', 'userAccount')元素
2021-11-20 17:13:31,289 base_page.py INFO base_page locator 正在定位('name', 'userAccount')元素
2021-11-20 17:13:31,358 base_page.py INFO base_page input_ 正在定位('xpath', '//input[@class="hwid-input hwid-input-pwd"]')元素， 输入gjs199074内容
2021-11-20 17:13:31,359 base_page.py INFO base_page locator 正在定位('xpath', '//input[@class="hwid-input hwid-input-pwd"]')元素
2021-11-20 17:13:31,440 base_page.py INFO base_page click 正在点击('xpath', '//div[@class="hwid-btn hwid-btn-primary"]')元素
2021-11-20 17:13:31,441 base_page.py INFO base_page locator 正在定位('xpath', '//div[@class="hwid-btn hwid-btn-primary"]')元素
